# JRE version: OpenJDK Runtime Environment Temurin-22.0.1+8 (22.0.1+8) (build 22.0.1+8)
# Java VM: OpenJDK 64-Bit Server VM Temurin-22.0.1+8 (22.0.1+8, mixed mode, tiered, compressed oops, compressed class ptrs, g1 gc, windows-amd64)
GC Precious Log:
 CardTable entry size: 512
 Card Set container configuration: InlinePtr #cards 4 size 8 Array Of Cards #cards 16 size 48 Howl #buckets 8 coarsen threshold 3686 Howl Bitmap #cards 512 size 80 coarsen threshold 460 Card regions per heap region 1 cards per card region 4096
 CPUs: 8 total, 8 available
 Memory: 15605M
 Large Page Support: Disabled
 NUMA Support: Disabled
 Compressed Oops: Enabled (Zero based)
 Heap Region Size: 2M
 Heap Min Capacity: 8M
 Heap Initial Capacity: 244M
 Heap Max Capacity: 3902M
 Pre-touch: Disabled
 Parallel Workers: 8
 Concurrent Workers: 2
 Concurrent Refinement Workers: 8
 Periodic GC: Disabled
Heap:
 garbage-first heap   total reserved 3995648K, committed 65536K, used 30528K [0x000000070c200000, 0x0000000800000000)
  region size 2048K, 10 young (20480K), 2 survivors (4096K)
 Metaspace       used 21325K, committed 21568K, reserved 1114112K
  class space    used 1743K, committed 1856K, reserved 1048576K
GC Heap History (14 events):
Event: 1.974 GC heap before
{Heap before GC invocations=0 (full 0):
 garbage-first heap   total reserved 3995648K, committed 249856K, used 24576K [0x000000070c200000, 0x0000000800000000)
  region size 2048K, 12 young (24576K), 0 survivors (0K)
 Metaspace       used 17049K, committed 17280K, reserved 1114112K
  class space    used 1361K, committed 1472K, reserved 1048576K
}
Event: 1.977 GC heap after
{Heap after GC invocations=1 (full 0):
 garbage-first heap   total reserved 3995648K, committed 249856K, used 3174K [0x000000070c200000, 0x0000000800000000)
  region size 2048K, 2 young (4096K), 2 survivors (4096K)
 Metaspace       used 17049K, committed 17280K, reserved 1114112K
  class space    used 1361K, committed 1472K, reserved 1048576K
}
Event: 18.328 GC heap before
{Heap before GC invocations=1 (full 0):
 garbage-first heap   total reserved 3995648K, committed 249856K, used 54374K [0x000000070c200000, 0x0000000800000000)
  region size 2048K, 22 young (45056K), 2 survivors (4096K)
 Metaspace       used 21297K, committed 21504K, reserved 1114112K
  class space    used 1742K, committed 1856K, reserved 1048576K
}
Event: 18.335 GC heap after
{Heap after GC invocations=2 (full 0):
 garbage-first heap   total reserved 3995648K, committed 249856K, used 16384K [0x000000070c200000, 0x0000000800000000)
  region size 2048K, 3 young (6144K), 3 survivors (6144K)
 Metaspace       used 21297K, committed 21504K, reserved 1114112K
  class space    used 1742K, committed 1856K, reserved 1048576K
}
Event: 55.088 GC heap before
{Heap before GC invocations=2 (full 0):
 garbage-first heap   total reserved 3995648K, committed 249856K, used 71680K [0x000000070c200000, 0x0000000800000000)
  region size 2048K, 30 young (61440K), 3 survivors (6144K)
 Metaspace       used 21306K, committed 21504K, reserved 1114112K
  class space    used 1742K, committed 1856K, reserved 1048576K
}
Event: 55.094 GC heap after
{Heap after GC invocations=3 (full 0):
 garbage-first heap   total reserved 3995648K, committed 249856K, used 16668K [0x000000070c200000, 0x0000000800000000)
  region size 2048K, 2 young (4096K), 2 survivors (4096K)
 Metaspace       used 21306K, committed 21504K, reserved 1114112K
  class space    used 1742K, committed 1856K, reserved 1048576K
}
Event: 100.910 GC heap before
{Heap before GC invocations=3 (full 0):
 garbage-first heap   total reserved 3995648K, committed 249856K, used 82204K [0x000000070c200000, 0x0000000800000000)
  region size 2048K, 35 young (71680K), 2 survivors (4096K)
 Metaspace       used 21315K, committed 21504K, reserved 1114112K
  class space    used 1742K, committed 1856K, reserved 1048576K
}
Event: 100.913 GC heap after
{Heap after GC invocations=4 (full 0):
 garbage-first heap   total reserved 3995648K, committed 249856K, used 16747K [0x000000070c200000, 0x0000000800000000)
  region size 2048K, 2 young (4096K), 2 survivors (4096K)
 Metaspace       used 21315K, committed 21504K, reserved 1114112K
  class space    used 1742K, committed 1856K, reserved 1048576K
}
Event: 130.674 GC heap before
{Heap before GC invocations=5 (full 0):
 garbage-first heap   total reserved 3995648K, committed 61440K, used 59755K [0x000000070c200000, 0x0000000800000000)
  region size 2048K, 23 young (47104K), 2 survivors (4096K)
 Metaspace       used 21324K, committed 21568K, reserved 1114112K
  class space    used 1743K, committed 1856K, reserved 1048576K
}
Event: 130.678 GC heap after
{Heap after GC invocations=6 (full 0):
 garbage-first heap   total reserved 3995648K, committed 65536K, used 16418K [0x000000070c200000, 0x0000000800000000)
  region size 2048K, 2 young (4096K), 2 survivors (4096K)
 Metaspace       used 21324K, committed 21568K, reserved 1114112K
  class space    used 1743K, committed 1856K, reserved 1048576K
}
Event: 154.696 GC heap before
{Heap before GC invocations=6 (full 0):
 garbage-first heap   total reserved 3995648K, committed 65536K, used 51234K [0x000000070c200000, 0x0000000800000000)
  region size 2048K, 19 young (38912K), 2 survivors (4096K)
 Metaspace       used 21324K, committed 21568K, reserved 1114112K
  class space    used 1743K, committed 1856K, reserved 1048576K
}
Event: 154.701 GC heap after
{Heap after GC invocations=7 (full 0):
 garbage-first heap   total reserved 3995648K, committed 65536K, used 16574K [0x000000070c200000, 0x0000000800000000)
  region size 2048K, 2 young (4096K), 2 survivors (4096K)
 Metaspace       used 21324K, committed 21568K, reserved 1114112K
  class space    used 1743K, committed 1856K, reserved 1048576K
}
Event: 194.965 GC heap before
{Heap before GC invocations=7 (full 0):
 garbage-first heap   total reserved 3995648K, committed 65536K, used 51390K [0x000000070c200000, 0x0000000800000000)
  region size 2048K, 19 young (38912K), 2 survivors (4096K)
 Metaspace       used 21325K, committed 21568K, reserved 1114112K
  class space    used 1743K, committed 1856K, reserved 1048576K
}
Event: 194.967 GC heap after
{Heap after GC invocations=8 (full 0):
 garbage-first heap   total reserved 3995648K, committed 65536K, used 16192K [0x000000070c200000, 0x0000000800000000)
  region size 2048K, 2 young (4096K), 2 survivors (4096K)
 Metaspace       used 21325K, committed 21568K, reserved 1114112K
  class space    used 1743K, committed 1856K, reserved 1048576K
}

